<?xml version="1.0" encoding="UTF-8"?>
<!-- Generated by org.testng.reporters.JUnitXMLReporter -->
<testsuite hostname="5CD63180NV" ignored="0" name="ATnT_FPP_SanitySuite" tests="2" failures="0" timestamp="17 Jul 2017 13:48:28 GMT" time="216.665" errors="0">
  <testcase name="test" time="163.324" classname="ATnT_Sanity_Suite.SanityFlow_PricingManager">
    <failure/>
  </testcase> <!-- test -->
  <testcase name="test" time="53.006" classname="ATnT_Sanity_Suite.SanityFlow_Approver"/>
</testsuite> <!-- ATnT_FPP_SanitySuite -->
