<?xml version="1.0" encoding="UTF-8"?>
<!-- Generated by org.testng.reporters.JUnitXMLReporter -->
<testsuite hostname="5CD63180NV" ignored="0" name="joy_ATT_AutomationSuite" tests="1" failures="1" timestamp="27 Jun 2017 20:01:25 GMT" time="0.287" errors="0">
  <testcase name="test" time="0.265" classname="joy_ATT.FPP_1090">
    <failure type="org.testng.internal.reflect.MethodMatcherException" message="
Data provider mismatch
Method: test([Parameter{index=0, type=java.lang.String, declaredAnnotations=[]}, Parameter{index=1, type=java.lang.String, declaredAnnotations=[]}, Parameter{index=2, type=java.lang.String, declaredAnnotations=[]}, Parameter{index=3, type=java.lang.String, declaredAnnotations=[]}, Parameter{index=4, type=int, declaredAnnotations=[]}, Parameter{index=5, type=java.lang.String, declaredAnnotations=[]}])
Arguments: [(java.lang.String)chrome,(java.lang.String)pricer,(java.lang.String)tr0001,(java.lang.String)1234,(java.lang.String)10,(java.lang.String)FINANCIAL PHONES]">
      <![CDATA[org.testng.internal.reflect.MethodMatcherException: 
Data provider mismatch
Method: test([Parameter{index=0, type=java.lang.String, declaredAnnotations=[]}, Parameter{index=1, type=java.lang.String, declaredAnnotations=[]}, Parameter{index=2, type=java.lang.String, declaredAnnotations=[]}, Parameter{index=3, type=java.lang.String, declaredAnnotations=[]}, Parameter{index=4, type=int, declaredAnnotations=[]}, Parameter{index=5, type=java.lang.String, declaredAnnotations=[]}])
Arguments: [(java.lang.String)chrome,(java.lang.String)pricer,(java.lang.String)tr0001,(java.lang.String)1234,(java.lang.String)10,(java.lang.String)FINANCIAL PHONES]
... Removed 20 stack frames]]>
    </failure>
  </testcase> <!-- test -->
</testsuite> <!-- joy_ATT_AutomationSuite -->
